<?xml version="1.0" encoding="UTF-8"?>
<!-- Generated by org.testng.reporters.JUnitReportReporter -->
<testsuite skipped="0" hostname="DESKTOP-I7KL6VP" name="runner.Run" tests="1" failures="0" timestamp="2022-12-16T13:15:25 IST" time="0.192" errors="0">
  <testcase name="runScenario" time="0.192" classname="runner.Run"/>
  <system-out/>
</testsuite> <!-- runner.Run -->
