<?xml version="1.0" encoding="UTF-8"?>
<!-- Generated by org.testng.reporters.JUnitReportReporter -->
<testsuite skipped="0" hostname="DESKTOP-I7KL6VP" name="frame.Frame1" tests="2" failures="0" timestamp="2022-12-07T16:50:13 IST" time="19.432" errors="0">
  <testcase name="Login" time="3.412" classname="frame.Frame1"/>
  <system-out/>
  <testcase name="Pim" time="16.020" classname="frame.Frame1"/>
  <system-out/>
</testsuite> <!-- frame.Frame1 -->
