<?xml version="1.0" encoding="UTF-8"?>
<!-- Generated by org.testng.reporters.JUnitReportReporter -->
<testsuite skipped="0" hostname="DESKTOP-I7KL6VP" name="mav.Grp" tests="2" failures="0" timestamp="2022-12-14T12:57:55 IST" time="0.019" errors="0">
  <testcase name="Test_2" time="0.014" classname="mav.Grp"/>
  <system-out/>
  <testcase name="Test_4" time="0.005" classname="mav.Grp"/>
  <system-out/>
</testsuite> <!-- mav.Grp -->
