<?xml version="1.0" encoding="UTF-8"?>
<!-- Generated by org.testng.reporters.JUnitReportReporter -->
<testsuite skipped="0" hostname="DESKTOP-I7KL6VP" name="mav.Frame" tests="1" failures="0" timestamp="2022-12-16T22:15:50 IST" time="8.514" errors="0">
  <testcase name="Frames" time="8.514" classname="mav.Frame"/>
  <system-out/>
</testsuite> <!-- mav.Frame -->
