<?xml version="1.0" encoding="UTF-8"?>
<!-- Generated by org.testng.reporters.JUnitReportReporter -->
<testsuite skipped="0" hostname="DESKTOP-I7KL6VP" name="mav.AssertCondition" tests="4" failures="0" timestamp="2022-12-14T13:28:03 IST" time="0.021" errors="0">
  <testcase name="Yogee" time="0.015" classname="mav.AssertCondition"/>
  <system-out/>
  <testcase name="Pratiksha" time="0.001" classname="mav.AssertCondition"/>
  <system-out/>
  <testcase name="Meghna" time="0.003" classname="mav.AssertCondition"/>
  <system-out/>
  <testcase name="Prashanth" time="0.002" classname="mav.AssertCondition"/>
  <system-out/>
</testsuite> <!-- mav.AssertCondition -->
