<?xml version="1.0" encoding="UTF-8"?>
<!-- Generated by org.testng.reporters.JUnitReportReporter -->
<testsuite skipped="0" hostname="DESKTOP-I7KL6VP" name="mav.Parallel" tests="2" failures="0" timestamp="2022-12-14T12:55:48 IST" time="55.531" errors="0">
  <testcase name="Pair" time="30.055" classname="mav.Parallel"/>
  <system-out/>
  <testcase name="Pair" time="25.476" classname="mav.Parallel"/>
  <system-out/>
</testsuite> <!-- mav.Parallel -->
