<?xml version="1.0" encoding="UTF-8"?>
<!-- Generated by org.testng.reporters.JUnitReportReporter -->
<testsuite skipped="0" hostname="DESKTOP-I7KL6VP" name="mav.Extent_Report" tests="2" failures="0" timestamp="2022-12-15T18:20:10 IST" time="26.950" errors="0">
  <testcase name="Login" time="21.693" classname="mav.Extent_Report"/>
  <system-out/>
  <testcase name="logout" time="5.257" classname="mav.Extent_Report"/>
  <system-out/>
</testsuite> <!-- mav.Extent_Report -->
